<?xml version="1.0" encoding="UTF-8"?>
<!-- Generated by org.testng.reporters.JUnitXMLReporter -->
<testsuite hostname="LTIN214941" ignored="0" name="Command line test" tests="2" failures="0" timestamp="2023-05-07T10:29:07 IST" time="32.446" errors="0">
  <testcase name="runScenario" time="11.32" classname="io.cucumber.testng.AbstractTestNGCucumberTests"/>
  <testcase name="runScenario" time="5.866" classname="io.cucumber.testng.AbstractTestNGCucumberTests"/>
</testsuite> <!-- Command line test -->
