<?xml version="1.0" encoding="UTF-8"?>
<!-- Generated by org.testng.reporters.JUnitXMLReporter -->
<testsuite hostname="LTIN214941" ignored="0" name="Command line test" tests="2" failures="0" timestamp="2023-05-05T14:27:12 IST" time="34.689" errors="0">
  <testcase name="runScenario" time="7.33" classname="io.cucumber.testng.AbstractTestNGCucumberTests"/>
  <testcase name="runScenario" time="7.985" classname="io.cucumber.testng.AbstractTestNGCucumberTests"/>
</testsuite> <!-- Command line test -->
