<?xml version="1.0" encoding="UTF-8"?>
<testng-results skipped="0" failed="0" ignored="0" total="2" passed="2">
  <reporter-output>
  </reporter-output>
  <suite name="org.example.runner.RunnerTest" duration-ms="34689" started-at="2023-05-05T14:26:37 IST" finished-at="2023-05-05T14:27:12 IST">
    <groups>
      <group name="cucumber">
        <method signature="AbstractTestNGCucumberTests.runScenario(io.cucumber.testng.PickleWrapper,io.cucumber.testng.FeatureWrapper)[pri:0, instance:org.example.runner.RunnerTest@687080dc]" name="runScenario" class="io.cucumber.testng.AbstractTestNGCucumberTests"/>
      </group> <!-- cucumber -->
    </groups>
    <test name="Command line test" duration-ms="34689" started-at="2023-05-05T14:26:37 IST" finished-at="2023-05-05T14:27:12 IST">
      <class name="org.example.runner.RunnerTest">
        <test-method status="PASS" signature="beforeTest()[pri:0, instance:org.example.runner.RunnerTest@687080dc]" name="beforeTest" is-config="true" duration-ms="16858" started-at="2023-05-05T14:26:37 IST" finished-at="2023-05-05T14:26:54 IST">
          <reporter-output>
          </reporter-output>
        </test-method> <!-- beforeTest -->
        <test-method status="PASS" signature="setUpClass(org.testng.ITestContext)[pri:0, instance:org.example.runner.RunnerTest@687080dc]" name="setUpClass" is-config="true" duration-ms="884" started-at="2023-05-05T14:26:54 IST" finished-at="2023-05-05T14:26:55 IST">
          <params>
            <param index="0">
              <value>
                <![CDATA[org.testng.TestRunner@2bfbffb2]]>
              </value>
            </param>
          </params>
          <reporter-output>
          </reporter-output>
        </test-method> <!-- setUpClass -->
        <test-method status="PASS" signature="runScenario(io.cucumber.testng.PickleWrapper,io.cucumber.testng.FeatureWrapper)[pri:0, instance:org.example.runner.RunnerTest@687080dc]" name="runScenario" duration-ms="7330" started-at="2023-05-05T14:26:55 IST" description="Runs Cucumber Scenarios" data-provider="scenarios" finished-at="2023-05-05T14:27:02 IST">
          <params>
            <param index="0">
              <value>
                <![CDATA["Search text on Google"]]>
              </value>
            </param>
            <param index="1">
              <value>
                <![CDATA["Google Search"]]>
              </value>
            </param>
          </params>
          <reporter-output>
          </reporter-output>
        </test-method> <!-- runScenario -->
        <test-method status="PASS" signature="runScenario(io.cucumber.testng.PickleWrapper,io.cucumber.testng.FeatureWrapper)[pri:0, instance:org.example.runner.RunnerTest@687080dc]" name="runScenario" duration-ms="7985" started-at="2023-05-05T14:27:02 IST" description="Runs Cucumber Scenarios" data-provider="scenarios" finished-at="2023-05-05T14:27:10 IST">
          <params>
            <param index="0">
              <value>
                <![CDATA["Search text on Google"]]>
              </value>
            </param>
            <param index="1">
              <value>
                <![CDATA["Google Search"]]>
              </value>
            </param>
          </params>
          <reporter-output>
          </reporter-output>
        </test-method> <!-- runScenario -->
        <test-method status="PASS" signature="tearDownClass()[pri:0, instance:org.example.runner.RunnerTest@687080dc]" name="tearDownClass" is-config="true" duration-ms="38" started-at="2023-05-05T14:27:10 IST" finished-at="2023-05-05T14:27:10 IST">
          <reporter-output>
          </reporter-output>
        </test-method> <!-- tearDownClass -->
        <test-method status="PASS" signature="afterTest()[pri:0, instance:org.example.runner.RunnerTest@687080dc]" name="afterTest" is-config="true" duration-ms="1490" started-at="2023-05-05T14:27:10 IST" finished-at="2023-05-05T14:27:12 IST">
          <reporter-output>
          </reporter-output>
        </test-method> <!-- afterTest -->
      </class> <!-- org.example.runner.RunnerTest -->
    </test> <!-- Command line test -->
  </suite> <!-- org.example.runner.RunnerTest -->
</testng-results>
