<?xml version="1.0" encoding="UTF-8"?>
<testng-results skipped="0" failed="0" ignored="0" total="1" passed="1">
  <reporter-output>
  </reporter-output>
  <suite name="org.example.runner.RunnerTest" duration-ms="37264" started-at="2023-03-01T21:37:33 IST" finished-at="2023-03-01T21:38:10 IST">
    <groups>
      <group name="cucumber">
        <method signature="AbstractTestNGCucumberTests.runScenario(io.cucumber.testng.PickleWrapper,io.cucumber.testng.FeatureWrapper)[pri:0, instance:org.example.runner.RunnerTest@32d2fa64]" name="runScenario" class="io.cucumber.testng.AbstractTestNGCucumberTests"/>
      </group> <!-- cucumber -->
    </groups>
    <test name="Command line test" duration-ms="37264" started-at="2023-03-01T21:37:33 IST" finished-at="2023-03-01T21:38:10 IST">
      <class name="org.example.runner.RunnerTest">
        <test-method status="PASS" signature="setUpClass(org.testng.ITestContext)[pri:0, instance:org.example.runner.RunnerTest@32d2fa64]" name="setUpClass" is-config="true" duration-ms="2399" started-at="2023-03-01T21:37:33 IST" finished-at="2023-03-01T21:37:36 IST">
          <params>
            <param index="0">
              <value>
                <![CDATA[org.testng.TestRunner@3a01773b]]>
              </value>
            </param>
          </params>
          <reporter-output>
          </reporter-output>
        </test-method> <!-- setUpClass -->
        <test-method status="PASS" signature="runScenario(io.cucumber.testng.PickleWrapper,io.cucumber.testng.FeatureWrapper)[pri:0, instance:org.example.runner.RunnerTest@32d2fa64]" name="runScenario" duration-ms="28420" started-at="2023-03-01T21:37:36 IST" description="Runs Cucumber Scenarios" data-provider="scenarios" finished-at="2023-03-01T21:38:04 IST">
          <params>
            <param index="0">
              <value>
                <![CDATA["Search text on Google"]]>
              </value>
            </param>
            <param index="1">
              <value>
                <![CDATA["Google Search"]]>
              </value>
            </param>
          </params>
          <reporter-output>
          </reporter-output>
        </test-method> <!-- runScenario -->
        <test-method status="PASS" signature="tearDownClass()[pri:0, instance:org.example.runner.RunnerTest@32d2fa64]" name="tearDownClass" is-config="true" duration-ms="6329" started-at="2023-03-01T21:38:04 IST" finished-at="2023-03-01T21:38:10 IST">
          <reporter-output>
          </reporter-output>
        </test-method> <!-- tearDownClass -->
      </class> <!-- org.example.runner.RunnerTest -->
    </test> <!-- Command line test -->
  </suite> <!-- org.example.runner.RunnerTest -->
</testng-results>
